2024-03-27 22:33:00,691 - PyQt6.uic.properties - DEBUG - setting property text
2024-03-27 22:33:00,692 - PyQt6.uic.uiparser - DEBUG - push QPushButton settingButton1
2024-03-27 22:33:00,692 - PyQt6.uic.uiparser - DEBUG - pop widget QPushButton settingButton1
2024-03-27 22:33:00,693 - PyQt6.uic.uiparser - DEBUG - new topwidget <PyQt6.QtWidgets.QWidget object at 0x000002269BCA3390>
2024-03-27 22:33:00,693 - PyQt6.uic.uiparser - DEBUG - pop widget QWidget widget_2
2024-03-27 22:33:00,693 - PyQt6.uic.uiparser - DEBUG - new topwidget <PyQt6.QtWidgets.QWidget object at 0x000002269BCA2710>
2024-03-27 22:33:00,699 - PyQt6.uic.properties - DEBUG - setting property geometry
2024-03-27 22:33:00,700 - PyQt6.uic.properties - DEBUG - setting property styleSheet
2024-03-27 22:33:00,700 - PyQt6.uic.uiparser - DEBUG - push QLineEdit textEdit
2024-03-27 22:33:00,701 - PyQt6.uic.uiparser - DEBUG - pop widget QLineEdit textEdit
2024-03-27 22:33:00,701 - PyQt6.uic.uiparser - DEBUG - new topwidget <PyQt6.QtWidgets.QWidget object at 0x000002269BCA2710>
2024-03-27 22:33:00,701 - PyQt6.uic.properties - DEBUG - setting property geometry
2024-03-27 22:33:00,701 - PyQt6.uic.properties - DEBUG - setting property styleSheet
2024-03-27 22:33:00,702 - PyQt6.uic.properties - DEBUG - setting property text
2024-03-27 22:33:00,702 - PyQt6.uic.uiparser - DEBUG - push QPushButton search
2024-03-27 22:33:00,703 - PyQt6.uic.uiparser - DEBUG - pop widget QPushButton search
2024-03-27 22:33:00,703 - PyQt6.uic.uiparser - DEBUG - new topwidget <PyQt6.QtWidgets.QWidget object at 0x000002269BCA2710>
2024-03-27 22:33:00,703 - PyQt6.uic.properties - DEBUG - setting property geometry
2024-03-27 22:33:00,703 - PyQt6.uic.properties - DEBUG - setting property styleSheet
2024-03-27 22:33:00,704 - PyQt6.uic.properties - DEBUG - setting property text
2024-03-27 22:33:00,704 - PyQt6.uic.uiparser - DEBUG - push QPushButton clearButton
2024-03-27 22:33:00,704 - PyQt6.uic.uiparser - DEBUG - pop widget QPushButton clearButton
2024-03-27 22:33:00,704 - PyQt6.uic.uiparser - DEBUG - new topwidget <PyQt6.QtWidgets.QWidget object at 0x000002269BCA2710>
2024-03-27 22:33:00,704 - PyQt6.uic.properties - DEBUG - setting property geometry
2024-03-27 22:33:00,704 - PyQt6.uic.properties - DEBUG - setting property styleSheet
2024-03-27 22:33:00,705 - PyQt6.uic.properties - DEBUG - setting property text
2024-03-27 22:33:00,705 - PyQt6.uic.uiparser - DEBUG - push QPushButton pushButton
2024-03-27 22:33:00,705 - PyQt6.uic.uiparser - DEBUG - pop widget QPushButton pushButton
2024-03-27 22:33:00,705 - PyQt6.uic.uiparser - DEBUG - new topwidget <PyQt6.QtWidgets.QWidget object at 0x000002269BCA2710>
2024-03-27 22:33:00,705 - PyQt6.uic.properties - DEBUG - setting property geometry
2024-03-27 22:33:00,705 - PyQt6.uic.properties - DEBUG - setting property styleSheet
2024-03-27 22:33:00,706 - PyQt6.uic.properties - DEBUG - setting property text
2024-03-27 22:33:00,706 - PyQt6.uic.uiparser - DEBUG - push QPushButton removeButton
2024-03-27 22:33:00,706 - PyQt6.uic.uiparser - DEBUG - pop widget QPushButton removeButton
2024-03-27 22:33:00,706 - PyQt6.uic.uiparser - DEBUG - new topwidget <PyQt6.QtWidgets.QWidget object at 0x000002269BCA2710>
2024-03-27 22:33:00,707 - PyQt6.uic.properties - DEBUG - setting property geometry
2024-03-27 22:33:00,707 - PyQt6.uic.properties - DEBUG - setting property styleSheet
2024-03-27 22:33:00,707 - PyQt6.uic.uiparser - DEBUG - push QComboBox booleanBox
2024-03-27 22:33:00,709 - PyQt6.uic.uiparser - DEBUG - pop widget QComboBox booleanBox
2024-03-27 22:33:00,709 - PyQt6.uic.uiparser - DEBUG - new topwidget <PyQt6.QtWidgets.QWidget object at 0x000002269BCA2710>
2024-03-27 22:33:00,709 - PyQt6.uic.properties - DEBUG - setting property geometry
2024-03-27 22:33:00,709 - PyQt6.uic.properties - DEBUG - setting property styleSheet
2024-03-27 22:33:00,709 - PyQt6.uic.uiparser - DEBUG - push QComboBox booleanBoxRight
2024-03-27 22:33:00,711 - PyQt6.uic.uiparser - DEBUG - pop widget QComboBox booleanBoxRight
2024-03-27 22:33:00,711 - PyQt6.uic.uiparser - DEBUG - new topwidget <PyQt6.QtWidgets.QWidget object at 0x000002269BCA2710>
2024-03-27 22:33:00,711 - PyQt6.uic.properties - DEBUG - setting property geometry
2024-03-27 22:33:00,711 - PyQt6.uic.properties - DEBUG - setting property styleSheet
2024-03-27 22:33:00,711 - PyQt6.uic.properties - DEBUG - setting property text
2024-03-27 22:33:00,712 - PyQt6.uic.uiparser - DEBUG - push QLabel institutionName
2024-03-27 22:33:00,712 - PyQt6.uic.uiparser - DEBUG - pop widget QLabel institutionName
2024-03-27 22:33:00,712 - PyQt6.uic.uiparser - DEBUG - new topwidget <PyQt6.QtWidgets.QWidget object at 0x000002269BCA2710>
2024-03-27 22:33:00,712 - PyQt6.uic.properties - DEBUG - setting property geometry
2024-03-27 22:33:00,712 - PyQt6.uic.properties - DEBUG - setting property text
2024-03-27 22:33:00,713 - PyQt6.uic.uiparser - DEBUG - push QLabel internetConnection
2024-03-27 22:33:00,713 - PyQt6.uic.uiparser - DEBUG - pop widget QLabel internetConnection
2024-03-27 22:33:00,713 - PyQt6.uic.uiparser - DEBUG - new topwidget <PyQt6.QtWidgets.QWidget object at 0x000002269BCA2710>
2024-03-27 22:33:00,713 - PyQt6.uic.uiparser - DEBUG - pop widget QWidget widget
2024-03-27 22:33:00,713 - PyQt6.uic.uiparser - DEBUG - new topwidget <src.user_interface.startScreen.startScreen object at 0x000002269BCA2490>
2024-03-27 22:33:00,713 - PyQt6.uic.uiparser - DEBUG - pop widget startScreen Dialog
2024-03-27 22:33:00,714 - PyQt6.uic.uiparser - DEBUG - new topwidget None
2024-03-27 22:33:01,130 - root - INFO - Opening connection to the database.
2024-03-27 22:33:01,132 - root - INFO - Closing connection to the database.
2024-03-27 22:33:03,233 - PyQt6.uic.uiparser - DEBUG - toplevel widget is settingsPage
2024-03-27 22:33:03,233 - PyQt6.uic.properties - DEBUG - setting property geometry
2024-03-27 22:33:03,233 - PyQt6.uic.properties - DEBUG - setting property windowTitle
2024-03-27 22:33:03,233 - PyQt6.uic.uiparser - DEBUG - push settingsPage Dialog
2024-03-27 22:33:03,233 - PyQt6.uic.properties - DEBUG - setting property geometry
2024-03-27 22:33:03,234 - PyQt6.uic.properties - DEBUG - setting property styleSheet
2024-03-27 22:33:03,234 - PyQt6.uic.uiparser - DEBUG - push QWidget widget
2024-03-27 22:33:03,234 - PyQt6.uic.properties - DEBUG - setting property geometry
2024-03-27 22:33:03,234 - PyQt6.uic.properties - DEBUG - setting property styleSheet
2024-03-27 22:33:03,234 - PyQt6.uic.uiparser - DEBUG - push QWidget widget_2
2024-03-27 22:33:03,235 - PyQt6.uic.properties - DEBUG - setting property geometry
2024-03-27 22:33:03,235 - PyQt6.uic.properties - DEBUG - setting property styleSheet
2024-03-27 22:33:03,235 - PyQt6.uic.properties - DEBUG - setting property text
2024-03-27 22:33:03,235 - PyQt6.uic.uiparser - DEBUG - push QLabel label
2024-03-27 22:33:03,235 - PyQt6.uic.uiparser - DEBUG - pop widget QLabel label
2024-03-27 22:33:03,236 - PyQt6.uic.uiparser - DEBUG - new topwidget <PyQt6.QtWidgets.QWidget object at 0x000002269BCDDC70>
2024-03-27 22:33:03,236 - PyQt6.uic.uiparser - DEBUG - pop widget QWidget widget_2
2024-03-27 22:33:03,236 - PyQt6.uic.uiparser - DEBUG - new topwidget <PyQt6.QtWidgets.QWidget object at 0x000002269BCDDBD0>
2024-03-27 22:33:03,236 - PyQt6.uic.properties - DEBUG - setting property geometry
2024-03-27 22:33:03,236 - PyQt6.uic.properties - DEBUG - setting property styleSheet
2024-03-27 22:33:03,237 - PyQt6.uic.properties - DEBUG - setting property text
2024-03-27 22:33:03,237 - PyQt6.uic.uiparser - DEBUG - push QPushButton backButton
2024-03-27 22:33:03,237 - PyQt6.uic.uiparser - DEBUG - pop widget QPushButton backButton
2024-03-27 22:33:03,237 - PyQt6.uic.uiparser - DEBUG - new topwidget <PyQt6.QtWidgets.QWidget object at 0x000002269BCDDBD0>
2024-03-27 22:33:03,237 - PyQt6.uic.properties - DEBUG - setting property geometry
2024-03-27 22:33:03,238 - PyQt6.uic.properties - DEBUG - setting property styleSheet
2024-03-27 22:33:03,238 - PyQt6.uic.properties - DEBUG - setting property text
2024-03-27 22:33:03,238 - PyQt6.uic.uiparser - DEBUG - push QPushButton uploadButton
2024-03-27 22:33:03,238 - PyQt6.uic.uiparser - DEBUG - pop widget QPushButton uploadButton
2024-03-27 22:33:03,238 - PyQt6.uic.uiparser - DEBUG - new topwidget <PyQt6.QtWidgets.QWidget object at 0x000002269BCDDBD0>
2024-03-27 22:33:03,239 - PyQt6.uic.properties - DEBUG - setting property geometry
2024-03-27 22:33:03,239 - PyQt6.uic.properties - DEBUG - setting property styleSheet
2024-03-27 22:33:03,239 - PyQt6.uic.properties - DEBUG - setting property text
2024-03-27 22:33:03,239 - PyQt6.uic.uiparser - DEBUG - push QPushButton updateCRKN
2024-03-27 22:33:03,239 - PyQt6.uic.uiparser - DEBUG - pop widget QPushButton updateCRKN
2024-03-27 22:33:03,240 - PyQt6.uic.uiparser - DEBUG - new topwidget <PyQt6.QtWidgets.QWidget object at 0x000002269BCDDBD0>
2024-03-27 22:33:03,240 - PyQt6.uic.properties - DEBUG - setting property geometry
2024-03-27 22:33:03,240 - PyQt6.uic.properties - DEBUG - setting property styleSheet
2024-03-27 22:33:03,240 - PyQt6.uic.properties - DEBUG - setting property text
2024-03-27 22:33:03,240 - PyQt6.uic.uiparser - DEBUG - push QLabel UniversityLabel_5
2024-03-27 22:33:03,240 - PyQt6.uic.uiparser - DEBUG - pop widget QLabel UniversityLabel_5
2024-03-27 22:33:03,241 - PyQt6.uic.uiparser - DEBUG - new topwidget <PyQt6.QtWidgets.QWidget object at 0x000002269BCDDBD0>
2024-03-27 22:33:03,241 - PyQt6.uic.properties - DEBUG - setting property geometry
2024-03-27 22:33:03,241 - PyQt6.uic.properties - DEBUG - setting property styleSheet
2024-03-27 22:33:03,241 - PyQt6.uic.uiparser - DEBUG - push QComboBox institutionSelection
2024-03-27 22:33:03,242 - PyQt6.uic.uiparser - DEBUG - pop widget QComboBox institutionSelection
2024-03-27 22:33:03,242 - PyQt6.uic.uiparser - DEBUG - new topwidget <PyQt6.QtWidgets.QWidget object at 0x000002269BCDDBD0>
2024-03-27 22:33:03,242 - PyQt6.uic.properties - DEBUG - setting property geometry
2024-03-27 22:33:03,243 - PyQt6.uic.properties - DEBUG - setting property styleSheet
2024-03-27 22:33:03,243 - PyQt6.uic.properties - DEBUG - setting property text
2024-03-27 22:33:03,244 - PyQt6.uic.uiparser - DEBUG - push QLabel UniversityLabel_6
2024-03-27 22:33:03,244 - PyQt6.uic.uiparser - DEBUG - pop widget QLabel UniversityLabel_6
2024-03-27 22:33:03,244 - PyQt6.uic.uiparser - DEBUG - new topwidget <PyQt6.QtWidgets.QWidget object at 0x000002269BCDDBD0>
2024-03-27 22:33:03,245 - PyQt6.uic.properties - DEBUG - setting property geometry
2024-03-27 22:33:03,245 - PyQt6.uic.properties - DEBUG - setting property styleSheet
2024-03-27 22:33:03,245 - PyQt6.uic.properties - DEBUG - setting property text
2024-03-27 22:33:03,245 - PyQt6.uic.uiparser - DEBUG - push QLabel UniversityLabel_7
2024-03-27 22:33:03,245 - PyQt6.uic.uiparser - DEBUG - pop widget QLabel UniversityLabel_7
2024-03-27 22:33:03,246 - PyQt6.uic.uiparser - DEBUG - new topwidget <PyQt6.QtWidgets.QWidget object at 0x000002269BCDDBD0>
2024-03-27 22:33:03,246 - PyQt6.uic.properties - DEBUG - setting property geometry
2024-03-27 22:33:03,246 - PyQt6.uic.properties - DEBUG - setting property styleSheet
2024-03-27 22:33:03,246 - PyQt6.uic.uiparser - DEBUG - push QComboBox languageSetting
2024-03-27 22:33:03,247 - PyQt6.uic.uiparser - DEBUG - pop widget QComboBox languageSetting
2024-03-27 22:33:03,247 - PyQt6.uic.uiparser - DEBUG - new topwidget <PyQt6.QtWidgets.QWidget object at 0x000002269BCDDBD0>
2024-03-27 22:33:03,248 - PyQt6.uic.properties - DEBUG - setting property geometry
2024-03-27 22:33:03,248 - PyQt6.uic.properties - DEBUG - setting property styleSheet
2024-03-27 22:33:03,248 - PyQt6.uic.properties - DEBUG - setting property text
2024-03-27 22:33:03,248 - PyQt6.uic.uiparser - DEBUG - push QLabel UniversityLabel_8
2024-03-27 22:33:03,248 - PyQt6.uic.uiparser - DEBUG - pop widget QLabel UniversityLabel_8
2024-03-27 22:33:03,248 - PyQt6.uic.uiparser - DEBUG - new topwidget <PyQt6.QtWidgets.QWidget object at 0x000002269BCDDBD0>
2024-03-27 22:33:03,249 - PyQt6.uic.properties - DEBUG - setting property geometry
2024-03-27 22:33:03,249 - PyQt6.uic.properties - DEBUG - setting property styleSheet
2024-03-27 22:33:03,249 - PyQt6.uic.properties - DEBUG - setting property text
2024-03-27 22:33:03,249 - PyQt6.uic.uiparser - DEBUG - push QPushButton saveSettings
2024-03-27 22:33:03,249 - PyQt6.uic.uiparser - DEBUG - pop widget QPushButton saveSettings
2024-03-27 22:33:03,250 - PyQt6.uic.uiparser - DEBUG - new topwidget <PyQt6.QtWidgets.QWidget object at 0x000002269BCDDBD0>
2024-03-27 22:33:03,250 - PyQt6.uic.properties - DEBUG - setting property geometry
2024-03-27 22:33:03,250 - PyQt6.uic.properties - DEBUG - setting property styleSheet
2024-03-27 22:33:03,250 - PyQt6.uic.properties - DEBUG - setting property text
2024-03-27 22:33:03,250 - PyQt6.uic.uiparser - DEBUG - push QPushButton helpButton
2024-03-27 22:33:03,250 - PyQt6.uic.uiparser - DEBUG - pop widget QPushButton helpButton
2024-03-27 22:33:03,250 - PyQt6.uic.uiparser - DEBUG - new topwidget <PyQt6.QtWidgets.QWidget object at 0x000002269BCDDBD0>
2024-03-27 22:33:03,252 - PyQt6.uic.properties - DEBUG - setting property geometry
2024-03-27 22:33:03,252 - PyQt6.uic.properties - DEBUG - setting property styleSheet
2024-03-27 22:33:03,253 - PyQt6.uic.uiparser - DEBUG - push QTextEdit crknURL
2024-03-27 22:33:03,253 - PyQt6.uic.uiparser - DEBUG - pop widget QTextEdit crknURL
2024-03-27 22:33:03,253 - PyQt6.uic.uiparser - DEBUG - new topwidget <PyQt6.QtWidgets.QWidget object at 0x000002269BCDDBD0>
2024-03-27 22:33:03,254 - PyQt6.uic.properties - DEBUG - setting property geometry
2024-03-27 22:33:03,254 - PyQt6.uic.properties - DEBUG - setting property styleSheet
2024-03-27 22:33:03,255 - PyQt6.uic.properties - DEBUG - setting property text
2024-03-27 22:33:03,255 - PyQt6.uic.uiparser - DEBUG - push QPushButton manageDatabase
2024-03-27 22:33:03,256 - PyQt6.uic.uiparser - DEBUG - pop widget QPushButton manageDatabase
2024-03-27 22:33:03,256 - PyQt6.uic.uiparser - DEBUG - new topwidget <PyQt6.QtWidgets.QWidget object at 0x000002269BCDDBD0>
2024-03-27 22:33:03,257 - PyQt6.uic.properties - DEBUG - setting property geometry
2024-03-27 22:33:03,258 - PyQt6.uic.properties - DEBUG - setting property styleSheet
2024-03-27 22:33:03,259 - PyQt6.uic.uiparser - DEBUG - push QTextEdit addinstitution
2024-03-27 22:33:03,259 - PyQt6.uic.uiparser - DEBUG - pop widget QTextEdit addinstitution
2024-03-27 22:33:03,259 - PyQt6.uic.uiparser - DEBUG - new topwidget <PyQt6.QtWidgets.QWidget object at 0x000002269BCDDBD0>
2024-03-27 22:33:03,259 - PyQt6.uic.uiparser - DEBUG - pop widget QWidget widget
2024-03-27 22:33:03,259 - PyQt6.uic.uiparser - DEBUG - new topwidget <src.user_interface.settingsPage.settingsPage object at 0x000002269BCDDA90>
2024-03-27 22:33:03,260 - PyQt6.uic.uiparser - DEBUG - pop widget settingsPage Dialog
2024-03-27 22:33:03,260 - PyQt6.uic.uiparser - DEBUG - new topwidget None
2024-03-27 22:40:13,864 - root - INFO - Application started
2024-03-27 22:40:13,893 - PyQt6.uic.uiparser - DEBUG - toplevel widget is WelcomePage
2024-03-27 22:40:13,894 - PyQt6.uic.properties - DEBUG - setting property geometry
2024-03-27 22:40:13,894 - PyQt6.uic.properties - DEBUG - setting property windowTitle
2024-03-27 22:40:13,894 - PyQt6.uic.uiparser - DEBUG - push WelcomePage Dialog
2024-03-27 22:40:13,894 - PyQt6.uic.properties - DEBUG - setting property geometry
2024-03-27 22:40:13,895 - PyQt6.uic.properties - DEBUG - setting property styleSheet
2024-03-27 22:40:13,895 - PyQt6.uic.uiparser - DEBUG - push QWidget widget
2024-03-27 22:40:13,896 - PyQt6.uic.properties - DEBUG - setting property geometry
2024-03-27 22:40:13,896 - PyQt6.uic.properties - DEBUG - setting property styleSheet
2024-03-27 22:40:13,896 - PyQt6.uic.properties - DEBUG - setting property text
2024-03-27 22:40:13,896 - PyQt6.uic.uiparser - DEBUG - push QLabel label_2
2024-03-27 22:40:13,896 - PyQt6.uic.uiparser - DEBUG - pop widget QLabel label_2
2024-03-27 22:40:13,897 - PyQt6.uic.uiparser - DEBUG - new topwidget <PyQt6.QtWidgets.QWidget object at 0x000002CDC5496710>
2024-03-27 22:40:13,897 - PyQt6.uic.properties - DEBUG - setting property geometry
2024-03-27 22:40:13,897 - PyQt6.uic.properties - DEBUG - setting property styleSheet
2024-03-27 22:40:13,898 - PyQt6.uic.uiparser - DEBUG - push QComboBox institutionSelectionWEL
2024-03-27 22:40:13,898 - PyQt6.uic.uiparser - DEBUG - pop widget QComboBox institutionSelectionWEL
2024-03-27 22:40:13,898 - PyQt6.uic.uiparser - DEBUG - new topwidget <PyQt6.QtWidgets.QWidget object at 0x000002CDC5496710>
2024-03-27 22:40:13,898 - PyQt6.uic.properties - DEBUG - setting property geometry
2024-03-27 22:40:13,898 - PyQt6.uic.properties - DEBUG - setting property styleSheet
2024-03-27 22:40:13,899 - PyQt6.uic.properties - DEBUG - setting property text
2024-03-27 22:40:13,899 - PyQt6.uic.uiparser - DEBUG - push QLabel UniversityLabel_9
2024-03-27 22:40:13,899 - PyQt6.uic.uiparser - DEBUG - pop widget QLabel UniversityLabel_9
2024-03-27 22:40:13,899 - PyQt6.uic.uiparser - DEBUG - new topwidget <PyQt6.QtWidgets.QWidget object at 0x000002CDC5496710>
2024-03-27 22:40:13,899 - PyQt6.uic.properties - DEBUG - setting property geometry
2024-03-27 22:40:13,900 - PyQt6.uic.properties - DEBUG - setting property styleSheet
2024-03-27 22:40:13,900 - PyQt6.uic.uiparser - DEBUG - push QComboBox languageSelectionWEL
2024-03-27 22:40:13,900 - PyQt6.uic.uiparser - DEBUG - pop widget QComboBox languageSelectionWEL
2024-03-27 22:40:13,900 - PyQt6.uic.uiparser - DEBUG - new topwidget <PyQt6.QtWidgets.QWidget object at 0x000002CDC5496710>
2024-03-27 22:40:13,900 - PyQt6.uic.properties - DEBUG - setting property geometry
2024-03-27 22:40:13,901 - PyQt6.uic.properties - DEBUG - setting property styleSheet
2024-03-27 22:40:13,901 - PyQt6.uic.properties - DEBUG - setting property text
2024-03-27 22:40:13,901 - PyQt6.uic.uiparser - DEBUG - push QLabel UniversityLabel_10
2024-03-27 22:40:13,901 - PyQt6.uic.uiparser - DEBUG - pop widget QLabel UniversityLabel_10
2024-03-27 22:40:13,901 - PyQt6.uic.uiparser - DEBUG - new topwidget <PyQt6.QtWidgets.QWidget object at 0x000002CDC5496710>
2024-03-27 22:40:13,910 - PyQt6.uic.properties - DEBUG - setting property geometry
2024-03-27 22:40:13,910 - PyQt6.uic.properties - DEBUG - setting property styleSheet
2024-03-27 22:40:13,911 - PyQt6.uic.uiparser - DEBUG - push QTextEdit crknURLWEL
2024-03-27 22:40:13,912 - PyQt6.uic.uiparser - DEBUG - pop widget QTextEdit crknURLWEL
2024-03-27 22:40:13,912 - PyQt6.uic.uiparser - DEBUG - new topwidget <PyQt6.QtWidgets.QWidget object at 0x000002CDC5496710>
2024-03-27 22:40:13,912 - PyQt6.uic.properties - DEBUG - setting property geometry
2024-03-27 22:40:13,912 - PyQt6.uic.properties - DEBUG - setting property styleSheet
2024-03-27 22:40:13,912 - PyQt6.uic.properties - DEBUG - setting property text
2024-03-27 22:40:13,913 - PyQt6.uic.uiparser - DEBUG - push QLabel UniversityLabel_11
2024-03-27 22:40:13,913 - PyQt6.uic.uiparser - DEBUG - pop widget QLabel UniversityLabel_11
2024-03-27 22:40:13,913 - PyQt6.uic.uiparser - DEBUG - new topwidget <PyQt6.QtWidgets.QWidget object at 0x000002CDC5496710>
2024-03-27 22:40:13,914 - PyQt6.uic.properties - DEBUG - setting property geometry
2024-03-27 22:40:13,915 - PyQt6.uic.properties - DEBUG - setting property styleSheet
2024-03-27 22:40:13,916 - PyQt6.uic.properties - DEBUG - setting property text
2024-03-27 22:40:13,916 - PyQt6.uic.uiparser - DEBUG - push QPushButton saveSettings_2
2024-03-27 22:40:13,916 - PyQt6.uic.uiparser - DEBUG - pop widget QPushButton saveSettings_2
2024-03-27 22:40:13,917 - PyQt6.uic.uiparser - DEBUG - new topwidget <PyQt6.QtWidgets.QWidget object at 0x000002CDC5496710>
2024-03-27 22:40:13,917 - PyQt6.uic.uiparser - DEBUG - pop widget QWidget widget
2024-03-27 22:40:13,917 - PyQt6.uic.uiparser - DEBUG - new topwidget <src.user_interface.welcomeScreen.WelcomePage object at 0x000002CDC5496490>
2024-03-27 22:40:13,917 - PyQt6.uic.uiparser - DEBUG - pop widget WelcomePage Dialog
2024-03-27 22:40:13,917 - PyQt6.uic.uiparser - DEBUG - new topwidget None
2024-03-27 22:40:28,360 - PyQt6.uic.uiparser - DEBUG - toplevel widget is startScreen
2024-03-27 22:40:28,361 - PyQt6.uic.properties - DEBUG - setting property geometry
2024-03-27 22:40:28,361 - PyQt6.uic.properties - DEBUG - setting property windowTitle
2024-03-27 22:40:28,362 - PyQt6.uic.uiparser - DEBUG - push startScreen Dialog
2024-03-27 22:40:28,362 - PyQt6.uic.properties - DEBUG - setting property geometry
2024-03-27 22:40:28,362 - PyQt6.uic.properties - DEBUG - setting property styleSheet
2024-03-27 22:40:28,362 - PyQt6.uic.uiparser - DEBUG - push QWidget widget
2024-03-27 22:40:28,363 - PyQt6.uic.properties - DEBUG - setting property geometry
2024-03-27 22:40:28,363 - PyQt6.uic.properties - DEBUG - setting property styleSheet
2024-03-27 22:40:28,363 - PyQt6.uic.uiparser - DEBUG - push QWidget widget_2
2024-03-27 22:40:28,363 - PyQt6.uic.properties - DEBUG - setting property geometry
2024-03-27 22:40:28,363 - PyQt6.uic.properties - DEBUG - setting property styleSheet
2024-03-27 22:40:28,364 - PyQt6.uic.properties - DEBUG - setting property text
2024-03-27 22:40:28,364 - PyQt6.uic.uiparser - DEBUG - push QLabel label
2024-03-27 22:40:28,364 - PyQt6.uic.uiparser - DEBUG - pop widget QLabel label
2024-03-27 22:40:28,365 - PyQt6.uic.uiparser - DEBUG - new topwidget <PyQt6.QtWidgets.QWidget object at 0x000002CDC54C5310>
2024-03-27 22:40:28,365 - PyQt6.uic.properties - DEBUG - setting property geometry
2024-03-27 22:40:28,365 - PyQt6.uic.properties - DEBUG - setting property styleSheet
2024-03-27 22:40:28,365 - PyQt6.uic.properties - DEBUG - setting property text
2024-03-27 22:40:28,366 - PyQt6.uic.uiparser - DEBUG - push QPushButton settingButton1
2024-03-27 22:40:28,366 - PyQt6.uic.uiparser - DEBUG - pop widget QPushButton settingButton1
2024-03-27 22:40:28,366 - PyQt6.uic.uiparser - DEBUG - new topwidget <PyQt6.QtWidgets.QWidget object at 0x000002CDC54C5310>
2024-03-27 22:40:28,367 - PyQt6.uic.uiparser - DEBUG - pop widget QWidget widget_2
2024-03-27 22:40:28,367 - PyQt6.uic.uiparser - DEBUG - new topwidget <PyQt6.QtWidgets.QWidget object at 0x000002CDC54C5270>
2024-03-27 22:40:28,368 - PyQt6.uic.properties - DEBUG - setting property geometry
2024-03-27 22:40:28,368 - PyQt6.uic.properties - DEBUG - setting property styleSheet
2024-03-27 22:40:28,369 - PyQt6.uic.uiparser - DEBUG - push QLineEdit textEdit
2024-03-27 22:40:28,369 - PyQt6.uic.uiparser - DEBUG - pop widget QLineEdit textEdit
2024-03-27 22:40:28,369 - PyQt6.uic.uiparser - DEBUG - new topwidget <PyQt6.QtWidgets.QWidget object at 0x000002CDC54C5270>
2024-03-27 22:40:28,370 - PyQt6.uic.properties - DEBUG - setting property geometry
2024-03-27 22:40:28,370 - PyQt6.uic.properties - DEBUG - setting property styleSheet
2024-03-27 22:40:28,370 - PyQt6.uic.properties - DEBUG - setting property text
2024-03-27 22:40:28,371 - PyQt6.uic.uiparser - DEBUG - push QPushButton search
2024-03-27 22:40:28,372 - PyQt6.uic.uiparser - DEBUG - pop widget QPushButton search
2024-03-27 22:40:28,372 - PyQt6.uic.uiparser - DEBUG - new topwidget <PyQt6.QtWidgets.QWidget object at 0x000002CDC54C5270>
2024-03-27 22:40:28,374 - PyQt6.uic.properties - DEBUG - setting property geometry
2024-03-27 22:40:28,375 - PyQt6.uic.properties - DEBUG - setting property styleSheet
2024-03-27 22:40:28,375 - PyQt6.uic.properties - DEBUG - setting property text
2024-03-27 22:40:28,375 - PyQt6.uic.uiparser - DEBUG - push QPushButton clearButton
2024-03-27 22:40:28,376 - PyQt6.uic.uiparser - DEBUG - pop widget QPushButton clearButton
2024-03-27 22:40:28,376 - PyQt6.uic.uiparser - DEBUG - new topwidget <PyQt6.QtWidgets.QWidget object at 0x000002CDC54C5270>
2024-03-27 22:40:28,377 - PyQt6.uic.properties - DEBUG - setting property geometry
2024-03-27 22:40:28,377 - PyQt6.uic.properties - DEBUG - setting property styleSheet
2024-03-27 22:40:28,377 - PyQt6.uic.properties - DEBUG - setting property text
2024-03-27 22:40:28,378 - PyQt6.uic.uiparser - DEBUG - push QPushButton pushButton
2024-03-27 22:40:28,378 - PyQt6.uic.uiparser - DEBUG - pop widget QPushButton pushButton
2024-03-27 22:40:28,378 - PyQt6.uic.uiparser - DEBUG - new topwidget <PyQt6.QtWidgets.QWidget object at 0x000002CDC54C5270>
2024-03-27 22:40:28,379 - PyQt6.uic.properties - DEBUG - setting property geometry
2024-03-27 22:40:28,379 - PyQt6.uic.properties - DEBUG - setting property styleSheet
2024-03-27 22:40:28,380 - PyQt6.uic.properties - DEBUG - setting property text
2024-03-27 22:40:28,380 - PyQt6.uic.uiparser - DEBUG - push QPushButton removeButton
2024-03-27 22:40:28,380 - PyQt6.uic.uiparser - DEBUG - pop widget QPushButton removeButton
2024-03-27 22:40:28,381 - PyQt6.uic.uiparser - DEBUG - new topwidget <PyQt6.QtWidgets.QWidget object at 0x000002CDC54C5270>
2024-03-27 22:40:28,381 - PyQt6.uic.properties - DEBUG - setting property geometry
2024-03-27 22:40:28,381 - PyQt6.uic.properties - DEBUG - setting property styleSheet
2024-03-27 22:40:28,381 - PyQt6.uic.uiparser - DEBUG - push QComboBox booleanBox
2024-03-27 22:40:28,383 - PyQt6.uic.uiparser - DEBUG - pop widget QComboBox booleanBox
2024-03-27 22:40:28,383 - PyQt6.uic.uiparser - DEBUG - new topwidget <PyQt6.QtWidgets.QWidget object at 0x000002CDC54C5270>
2024-03-27 22:40:28,384 - PyQt6.uic.properties - DEBUG - setting property geometry
2024-03-27 22:40:28,384 - PyQt6.uic.properties - DEBUG - setting property styleSheet
2024-03-27 22:40:28,384 - PyQt6.uic.uiparser - DEBUG - push QComboBox booleanBoxRight
2024-03-27 22:40:28,386 - PyQt6.uic.uiparser - DEBUG - pop widget QComboBox booleanBoxRight
2024-03-27 22:40:28,387 - PyQt6.uic.uiparser - DEBUG - new topwidget <PyQt6.QtWidgets.QWidget object at 0x000002CDC54C5270>
2024-03-27 22:40:28,388 - PyQt6.uic.properties - DEBUG - setting property geometry
2024-03-27 22:40:28,388 - PyQt6.uic.properties - DEBUG - setting property styleSheet
2024-03-27 22:40:28,388 - PyQt6.uic.properties - DEBUG - setting property text
2024-03-27 22:40:28,389 - PyQt6.uic.uiparser - DEBUG - push QLabel institutionName
2024-03-27 22:40:28,389 - PyQt6.uic.uiparser - DEBUG - pop widget QLabel institutionName
2024-03-27 22:40:28,389 - PyQt6.uic.uiparser - DEBUG - new topwidget <PyQt6.QtWidgets.QWidget object at 0x000002CDC54C5270>
2024-03-27 22:40:28,389 - PyQt6.uic.properties - DEBUG - setting property geometry
2024-03-27 22:40:28,389 - PyQt6.uic.properties - DEBUG - setting property text
2024-03-27 22:40:28,390 - PyQt6.uic.uiparser - DEBUG - push QLabel internetConnection
2024-03-27 22:40:28,390 - PyQt6.uic.uiparser - DEBUG - pop widget QLabel internetConnection
2024-03-27 22:40:28,390 - PyQt6.uic.uiparser - DEBUG - new topwidget <PyQt6.QtWidgets.QWidget object at 0x000002CDC54C5270>
2024-03-27 22:40:28,390 - PyQt6.uic.uiparser - DEBUG - pop widget QWidget widget
2024-03-27 22:40:28,390 - PyQt6.uic.uiparser - DEBUG - new topwidget <src.user_interface.startScreen.startScreen object at 0x000002CDC54C5130>
2024-03-27 22:40:28,390 - PyQt6.uic.uiparser - DEBUG - pop widget startScreen Dialog
2024-03-27 22:40:28,391 - PyQt6.uic.uiparser - DEBUG - new topwidget None
2024-03-27 22:40:28,450 - root - INFO - Opening connection to the database.
2024-03-27 22:40:28,453 - root - INFO - Closing connection to the database.
2024-03-27 22:44:55,837 - root - INFO - Application started
2024-03-27 22:44:55,869 - PyQt6.uic.uiparser - DEBUG - toplevel widget is WelcomePage
2024-03-27 22:44:55,870 - PyQt6.uic.properties - DEBUG - setting property geometry
2024-03-27 22:44:55,870 - PyQt6.uic.properties - DEBUG - setting property windowTitle
2024-03-27 22:44:55,870 - PyQt6.uic.uiparser - DEBUG - push WelcomePage Dialog
2024-03-27 22:44:55,871 - PyQt6.uic.properties - DEBUG - setting property geometry
2024-03-27 22:44:55,871 - PyQt6.uic.properties - DEBUG - setting property styleSheet
2024-03-27 22:44:55,871 - PyQt6.uic.uiparser - DEBUG - push QWidget widget
2024-03-27 22:44:55,872 - PyQt6.uic.properties - DEBUG - setting property geometry
2024-03-27 22:44:55,872 - PyQt6.uic.properties - DEBUG - setting property styleSheet
2024-03-27 22:44:55,872 - PyQt6.uic.properties - DEBUG - setting property text
2024-03-27 22:44:55,872 - PyQt6.uic.uiparser - DEBUG - push QLabel label_2
2024-03-27 22:44:55,872 - PyQt6.uic.uiparser - DEBUG - pop widget QLabel label_2
2024-03-27 22:44:55,873 - PyQt6.uic.uiparser - DEBUG - new topwidget <PyQt6.QtWidgets.QWidget object at 0x000002046B572850>
2024-03-27 22:44:55,873 - PyQt6.uic.properties - DEBUG - setting property geometry
2024-03-27 22:44:55,874 - PyQt6.uic.properties - DEBUG - setting property styleSheet
2024-03-27 22:44:55,874 - PyQt6.uic.uiparser - DEBUG - push QComboBox institutionSelectionWEL
2024-03-27 22:44:55,874 - PyQt6.uic.uiparser - DEBUG - pop widget QComboBox institutionSelectionWEL
2024-03-27 22:44:55,874 - PyQt6.uic.uiparser - DEBUG - new topwidget <PyQt6.QtWidgets.QWidget object at 0x000002046B572850>
2024-03-27 22:44:55,874 - PyQt6.uic.properties - DEBUG - setting property geometry
2024-03-27 22:44:55,875 - PyQt6.uic.properties - DEBUG - setting property styleSheet
2024-03-27 22:44:55,875 - PyQt6.uic.properties - DEBUG - setting property text
2024-03-27 22:44:55,875 - PyQt6.uic.uiparser - DEBUG - push QLabel UniversityLabel_9
2024-03-27 22:44:55,875 - PyQt6.uic.uiparser - DEBUG - pop widget QLabel UniversityLabel_9
2024-03-27 22:44:55,875 - PyQt6.uic.uiparser - DEBUG - new topwidget <PyQt6.QtWidgets.QWidget object at 0x000002046B572850>
2024-03-27 22:44:55,876 - PyQt6.uic.properties - DEBUG - setting property geometry
2024-03-27 22:44:55,876 - PyQt6.uic.properties - DEBUG - setting property styleSheet
2024-03-27 22:44:55,876 - PyQt6.uic.uiparser - DEBUG - push QComboBox languageSelectionWEL
2024-03-27 22:44:55,876 - PyQt6.uic.uiparser - DEBUG - pop widget QComboBox languageSelectionWEL
2024-03-27 22:44:55,876 - PyQt6.uic.uiparser - DEBUG - new topwidget <PyQt6.QtWidgets.QWidget object at 0x000002046B572850>
2024-03-27 22:44:55,876 - PyQt6.uic.properties - DEBUG - setting property geometry
2024-03-27 22:44:55,877 - PyQt6.uic.properties - DEBUG - setting property styleSheet
2024-03-27 22:44:55,877 - PyQt6.uic.properties - DEBUG - setting property text
2024-03-27 22:44:55,877 - PyQt6.uic.uiparser - DEBUG - push QLabel UniversityLabel_10
2024-03-27 22:44:55,877 - PyQt6.uic.uiparser - DEBUG - pop widget QLabel UniversityLabel_10
2024-03-27 22:44:55,877 - PyQt6.uic.uiparser - DEBUG - new topwidget <PyQt6.QtWidgets.QWidget object at 0x000002046B572850>
2024-03-27 22:44:55,886 - PyQt6.uic.properties - DEBUG - setting property geometry
2024-03-27 22:44:55,886 - PyQt6.uic.properties - DEBUG - setting property styleSheet
2024-03-27 22:44:55,887 - PyQt6.uic.uiparser - DEBUG - push QTextEdit crknURLWEL
2024-03-27 22:44:55,887 - PyQt6.uic.uiparser - DEBUG - pop widget QTextEdit crknURLWEL
2024-03-27 22:44:55,887 - PyQt6.uic.uiparser - DEBUG - new topwidget <PyQt6.QtWidgets.QWidget object at 0x000002046B572850>
2024-03-27 22:44:55,888 - PyQt6.uic.properties - DEBUG - setting property geometry
2024-03-27 22:44:55,888 - PyQt6.uic.properties - DEBUG - setting property styleSheet
2024-03-27 22:44:55,888 - PyQt6.uic.properties - DEBUG - setting property text
2024-03-27 22:44:55,888 - PyQt6.uic.uiparser - DEBUG - push QLabel UniversityLabel_11
2024-03-27 22:44:55,888 - PyQt6.uic.uiparser - DEBUG - pop widget QLabel UniversityLabel_11
2024-03-27 22:44:55,889 - PyQt6.uic.uiparser - DEBUG - new topwidget <PyQt6.QtWidgets.QWidget object at 0x000002046B572850>
2024-03-27 22:44:55,889 - PyQt6.uic.properties - DEBUG - setting property geometry
2024-03-27 22:44:55,889 - PyQt6.uic.properties - DEBUG - setting property styleSheet
2024-03-27 22:44:55,889 - PyQt6.uic.properties - DEBUG - setting property text
2024-03-27 22:44:55,890 - PyQt6.uic.uiparser - DEBUG - push QPushButton saveSettings_2
2024-03-27 22:44:55,890 - PyQt6.uic.uiparser - DEBUG - pop widget QPushButton saveSettings_2
2024-03-27 22:44:55,890 - PyQt6.uic.uiparser - DEBUG - new topwidget <PyQt6.QtWidgets.QWidget object at 0x000002046B572850>
2024-03-27 22:44:55,890 - PyQt6.uic.uiparser - DEBUG - pop widget QWidget widget
2024-03-27 22:44:55,890 - PyQt6.uic.uiparser - DEBUG - new topwidget <src.user_interface.welcomeScreen.WelcomePage object at 0x000002046B5725D0>
2024-03-27 22:44:55,890 - PyQt6.uic.uiparser - DEBUG - pop widget WelcomePage Dialog
2024-03-27 22:44:55,890 - PyQt6.uic.uiparser - DEBUG - new topwidget None
2024-03-27 22:45:41,259 - PyQt6.uic.uiparser - DEBUG - toplevel widget is startScreen
2024-03-27 22:45:41,260 - PyQt6.uic.properties - DEBUG - setting property geometry
2024-03-27 22:45:41,260 - PyQt6.uic.properties - DEBUG - setting property windowTitle
2024-03-27 22:45:41,260 - PyQt6.uic.uiparser - DEBUG - push startScreen Dialog
2024-03-27 22:45:41,261 - PyQt6.uic.properties - DEBUG - setting property geometry
2024-03-27 22:45:41,263 - PyQt6.uic.properties - DEBUG - setting property styleSheet
2024-03-27 22:45:41,265 - PyQt6.uic.uiparser - DEBUG - push QWidget widget
2024-03-27 22:45:41,267 - PyQt6.uic.properties - DEBUG - setting property geometry
2024-03-27 22:45:41,267 - PyQt6.uic.properties - DEBUG - setting property styleSheet
2024-03-27 22:45:41,268 - PyQt6.uic.uiparser - DEBUG - push QWidget widget_2
2024-03-27 22:45:41,270 - PyQt6.uic.properties - DEBUG - setting property geometry
2024-03-27 22:45:41,270 - PyQt6.uic.properties - DEBUG - setting property styleSheet
2024-03-27 22:45:41,270 - PyQt6.uic.properties - DEBUG - setting property text
2024-03-27 22:45:41,271 - PyQt6.uic.uiparser - DEBUG - push QLabel label
2024-03-27 22:45:41,272 - PyQt6.uic.uiparser - DEBUG - pop widget QLabel label
2024-03-27 22:45:41,272 - PyQt6.uic.uiparser - DEBUG - new topwidget <PyQt6.QtWidgets.QWidget object at 0x000002046B5A4910>
2024-03-27 22:45:41,273 - PyQt6.uic.properties - DEBUG - setting property geometry
2024-03-27 22:45:41,273 - PyQt6.uic.properties - DEBUG - setting property styleSheet
2024-03-27 22:45:41,273 - PyQt6.uic.properties - DEBUG - setting property text
2024-03-27 22:45:41,274 - PyQt6.uic.uiparser - DEBUG - push QPushButton settingButton1
2024-03-27 22:45:41,274 - PyQt6.uic.uiparser - DEBUG - pop widget QPushButton settingButton1
2024-03-27 22:45:41,275 - PyQt6.uic.uiparser - DEBUG - new topwidget <PyQt6.QtWidgets.QWidget object at 0x000002046B5A4910>
2024-03-27 22:45:41,275 - PyQt6.uic.uiparser - DEBUG - pop widget QWidget widget_2
2024-03-27 22:45:41,276 - PyQt6.uic.uiparser - DEBUG - new topwidget <PyQt6.QtWidgets.QWidget object at 0x000002046B5A4870>
2024-03-27 22:45:41,277 - PyQt6.uic.properties - DEBUG - setting property geometry
2024-03-27 22:45:41,277 - PyQt6.uic.properties - DEBUG - setting property styleSheet
2024-03-27 22:45:41,278 - PyQt6.uic.uiparser - DEBUG - push QLineEdit textEdit
2024-03-27 22:45:41,278 - PyQt6.uic.uiparser - DEBUG - pop widget QLineEdit textEdit
2024-03-27 22:45:41,279 - PyQt6.uic.uiparser - DEBUG - new topwidget <PyQt6.QtWidgets.QWidget object at 0x000002046B5A4870>
2024-03-27 22:45:41,280 - PyQt6.uic.properties - DEBUG - setting property geometry
2024-03-27 22:45:41,280 - PyQt6.uic.properties - DEBUG - setting property styleSheet
2024-03-27 22:45:41,281 - PyQt6.uic.properties - DEBUG - setting property text
2024-03-27 22:45:41,282 - PyQt6.uic.uiparser - DEBUG - push QPushButton search
2024-03-27 22:45:41,283 - PyQt6.uic.uiparser - DEBUG - pop widget QPushButton search
2024-03-27 22:45:41,284 - PyQt6.uic.uiparser - DEBUG - new topwidget <PyQt6.QtWidgets.QWidget object at 0x000002046B5A4870>
2024-03-27 22:45:41,284 - PyQt6.uic.properties - DEBUG - setting property geometry
2024-03-27 22:45:41,285 - PyQt6.uic.properties - DEBUG - setting property styleSheet
2024-03-27 22:45:41,285 - PyQt6.uic.properties - DEBUG - setting property text
2024-03-27 22:45:41,285 - PyQt6.uic.uiparser - DEBUG - push QPushButton clearButton
2024-03-27 22:45:41,285 - PyQt6.uic.uiparser - DEBUG - pop widget QPushButton clearButton
2024-03-27 22:45:41,286 - PyQt6.uic.uiparser - DEBUG - new topwidget <PyQt6.QtWidgets.QWidget object at 0x000002046B5A4870>
2024-03-27 22:45:41,286 - PyQt6.uic.properties - DEBUG - setting property geometry
2024-03-27 22:45:41,286 - PyQt6.uic.properties - DEBUG - setting property styleSheet
2024-03-27 22:45:41,286 - PyQt6.uic.properties - DEBUG - setting property text
2024-03-27 22:45:41,287 - PyQt6.uic.uiparser - DEBUG - push QPushButton pushButton
2024-03-27 22:45:41,287 - PyQt6.uic.uiparser - DEBUG - pop widget QPushButton pushButton
2024-03-27 22:45:41,287 - PyQt6.uic.uiparser - DEBUG - new topwidget <PyQt6.QtWidgets.QWidget object at 0x000002046B5A4870>
2024-03-27 22:45:41,287 - PyQt6.uic.properties - DEBUG - setting property geometry
2024-03-27 22:45:41,288 - PyQt6.uic.properties - DEBUG - setting property styleSheet
2024-03-27 22:45:41,288 - PyQt6.uic.properties - DEBUG - setting property text
2024-03-27 22:45:41,288 - PyQt6.uic.uiparser - DEBUG - push QPushButton removeButton
2024-03-27 22:45:41,288 - PyQt6.uic.uiparser - DEBUG - pop widget QPushButton removeButton
2024-03-27 22:45:41,288 - PyQt6.uic.uiparser - DEBUG - new topwidget <PyQt6.QtWidgets.QWidget object at 0x000002046B5A4870>
2024-03-27 22:45:41,289 - PyQt6.uic.properties - DEBUG - setting property geometry
2024-03-27 22:45:41,289 - PyQt6.uic.properties - DEBUG - setting property styleSheet
2024-03-27 22:45:41,289 - PyQt6.uic.uiparser - DEBUG - push QComboBox booleanBox
2024-03-27 22:45:41,290 - PyQt6.uic.uiparser - DEBUG - pop widget QComboBox booleanBox
2024-03-27 22:45:41,290 - PyQt6.uic.uiparser - DEBUG - new topwidget <PyQt6.QtWidgets.QWidget object at 0x000002046B5A4870>
2024-03-27 22:45:41,291 - PyQt6.uic.properties - DEBUG - setting property geometry
2024-03-27 22:45:41,291 - PyQt6.uic.properties - DEBUG - setting property styleSheet
2024-03-27 22:45:41,291 - PyQt6.uic.uiparser - DEBUG - push QComboBox booleanBoxRight
2024-03-27 22:45:41,292 - PyQt6.uic.uiparser - DEBUG - pop widget QComboBox booleanBoxRight
2024-03-27 22:45:41,292 - PyQt6.uic.uiparser - DEBUG - new topwidget <PyQt6.QtWidgets.QWidget object at 0x000002046B5A4870>
2024-03-27 22:45:41,293 - PyQt6.uic.properties - DEBUG - setting property geometry
2024-03-27 22:45:41,293 - PyQt6.uic.properties - DEBUG - setting property styleSheet
2024-03-27 22:45:41,293 - PyQt6.uic.properties - DEBUG - setting property text
2024-03-27 22:45:41,293 - PyQt6.uic.uiparser - DEBUG - push QLabel institutionName
2024-03-27 22:45:41,294 - PyQt6.uic.uiparser - DEBUG - pop widget QLabel institutionName
2024-03-27 22:45:41,294 - PyQt6.uic.uiparser - DEBUG - new topwidget <PyQt6.QtWidgets.QWidget object at 0x000002046B5A4870>
2024-03-27 22:45:41,294 - PyQt6.uic.properties - DEBUG - setting property geometry
2024-03-27 22:45:41,295 - PyQt6.uic.properties - DEBUG - setting property text
2024-03-27 22:45:41,297 - PyQt6.uic.uiparser - DEBUG - push QLabel internetConnection
2024-03-27 22:45:41,298 - PyQt6.uic.uiparser - DEBUG - pop widget QLabel internetConnection
2024-03-27 22:45:41,299 - PyQt6.uic.uiparser - DEBUG - new topwidget <PyQt6.QtWidgets.QWidget object at 0x000002046B5A4870>
2024-03-27 22:45:41,299 - PyQt6.uic.uiparser - DEBUG - pop widget QWidget widget
2024-03-27 22:45:41,299 - PyQt6.uic.uiparser - DEBUG - new topwidget <src.user_interface.startScreen.startScreen object at 0x000002046B5A4730>
2024-03-27 22:45:41,300 - PyQt6.uic.uiparser - DEBUG - pop widget startScreen Dialog
2024-03-27 22:45:41,300 - PyQt6.uic.uiparser - DEBUG - new topwidget None
2024-03-27 22:45:41,384 - root - INFO - Opening connection to the database.
2024-03-27 22:45:41,385 - root - INFO - Closing connection to the database.
2024-03-27 22:45:50,080 - PyQt6.uic.uiparser - DEBUG - toplevel widget is settingsPage
2024-03-27 22:45:50,081 - PyQt6.uic.properties - DEBUG - setting property geometry
2024-03-27 22:45:50,081 - PyQt6.uic.properties - DEBUG - setting property windowTitle
2024-03-27 22:45:50,081 - PyQt6.uic.uiparser - DEBUG - push settingsPage Dialog
2024-03-27 22:45:50,081 - PyQt6.uic.properties - DEBUG - setting property geometry
2024-03-27 22:45:50,081 - PyQt6.uic.properties - DEBUG - setting property styleSheet
2024-03-27 22:45:50,082 - PyQt6.uic.uiparser - DEBUG - push QWidget widget
2024-03-27 22:45:50,082 - PyQt6.uic.properties - DEBUG - setting property geometry
2024-03-27 22:45:50,082 - PyQt6.uic.properties - DEBUG - setting property styleSheet
2024-03-27 22:45:50,082 - PyQt6.uic.uiparser - DEBUG - push QWidget widget_2
2024-03-27 22:45:50,082 - PyQt6.uic.properties - DEBUG - setting property geometry
2024-03-27 22:45:50,083 - PyQt6.uic.properties - DEBUG - setting property styleSheet
2024-03-27 22:45:50,083 - PyQt6.uic.properties - DEBUG - setting property text
2024-03-27 22:45:50,083 - PyQt6.uic.uiparser - DEBUG - push QLabel label
2024-03-27 22:45:50,083 - PyQt6.uic.uiparser - DEBUG - pop widget QLabel label
2024-03-27 22:45:50,083 - PyQt6.uic.uiparser - DEBUG - new topwidget <PyQt6.QtWidgets.QWidget object at 0x000002046B5A6670>
2024-03-27 22:45:50,084 - PyQt6.uic.uiparser - DEBUG - pop widget QWidget widget_2
2024-03-27 22:45:50,084 - PyQt6.uic.uiparser - DEBUG - new topwidget <PyQt6.QtWidgets.QWidget object at 0x000002046B5A65D0>
2024-03-27 22:45:50,084 - PyQt6.uic.properties - DEBUG - setting property geometry
2024-03-27 22:45:50,084 - PyQt6.uic.properties - DEBUG - setting property styleSheet
2024-03-27 22:45:50,084 - PyQt6.uic.properties - DEBUG - setting property text
2024-03-27 22:45:50,085 - PyQt6.uic.uiparser - DEBUG - push QPushButton backButton
2024-03-27 22:45:50,085 - PyQt6.uic.uiparser - DEBUG - pop widget QPushButton backButton
2024-03-27 22:45:50,085 - PyQt6.uic.uiparser - DEBUG - new topwidget <PyQt6.QtWidgets.QWidget object at 0x000002046B5A65D0>
2024-03-27 22:45:50,085 - PyQt6.uic.properties - DEBUG - setting property geometry
2024-03-27 22:45:50,086 - PyQt6.uic.properties - DEBUG - setting property styleSheet
2024-03-27 22:45:50,086 - PyQt6.uic.properties - DEBUG - setting property text
2024-03-27 22:45:50,086 - PyQt6.uic.uiparser - DEBUG - push QPushButton uploadButton
2024-03-27 22:45:50,086 - PyQt6.uic.uiparser - DEBUG - pop widget QPushButton uploadButton
2024-03-27 22:45:50,086 - PyQt6.uic.uiparser - DEBUG - new topwidget <PyQt6.QtWidgets.QWidget object at 0x000002046B5A65D0>
2024-03-27 22:45:50,087 - PyQt6.uic.properties - DEBUG - setting property geometry
2024-03-27 22:45:50,087 - PyQt6.uic.properties - DEBUG - setting property styleSheet
2024-03-27 22:45:50,087 - PyQt6.uic.properties - DEBUG - setting property text
2024-03-27 22:45:50,087 - PyQt6.uic.uiparser - DEBUG - push QPushButton updateCRKN
2024-03-27 22:45:50,087 - PyQt6.uic.uiparser - DEBUG - pop widget QPushButton updateCRKN
2024-03-27 22:45:50,088 - PyQt6.uic.uiparser - DEBUG - new topwidget <PyQt6.QtWidgets.QWidget object at 0x000002046B5A65D0>
2024-03-27 22:45:50,088 - PyQt6.uic.properties - DEBUG - setting property geometry
2024-03-27 22:45:50,088 - PyQt6.uic.properties - DEBUG - setting property styleSheet
2024-03-27 22:45:50,088 - PyQt6.uic.properties - DEBUG - setting property text
2024-03-27 22:45:50,088 - PyQt6.uic.uiparser - DEBUG - push QLabel UniversityLabel_5
2024-03-27 22:45:50,089 - PyQt6.uic.uiparser - DEBUG - pop widget QLabel UniversityLabel_5
2024-03-27 22:45:50,089 - PyQt6.uic.uiparser - DEBUG - new topwidget <PyQt6.QtWidgets.QWidget object at 0x000002046B5A65D0>
2024-03-27 22:45:50,089 - PyQt6.uic.properties - DEBUG - setting property geometry
2024-03-27 22:45:50,089 - PyQt6.uic.properties - DEBUG - setting property styleSheet
2024-03-27 22:45:50,089 - PyQt6.uic.uiparser - DEBUG - push QComboBox institutionSelection
2024-03-27 22:45:50,090 - PyQt6.uic.uiparser - DEBUG - pop widget QComboBox institutionSelection
2024-03-27 22:45:50,090 - PyQt6.uic.uiparser - DEBUG - new topwidget <PyQt6.QtWidgets.QWidget object at 0x000002046B5A65D0>
2024-03-27 22:45:50,090 - PyQt6.uic.properties - DEBUG - setting property geometry
2024-03-27 22:45:50,090 - PyQt6.uic.properties - DEBUG - setting property styleSheet
2024-03-27 22:45:50,090 - PyQt6.uic.properties - DEBUG - setting property text
2024-03-27 22:45:50,090 - PyQt6.uic.uiparser - DEBUG - push QLabel UniversityLabel_6
2024-03-27 22:45:50,091 - PyQt6.uic.uiparser - DEBUG - pop widget QLabel UniversityLabel_6
2024-03-27 22:45:50,091 - PyQt6.uic.uiparser - DEBUG - new topwidget <PyQt6.QtWidgets.QWidget object at 0x000002046B5A65D0>
2024-03-27 22:45:50,092 - PyQt6.uic.properties - DEBUG - setting property geometry
2024-03-27 22:45:50,092 - PyQt6.uic.properties - DEBUG - setting property styleSheet
2024-03-27 22:45:50,092 - PyQt6.uic.properties - DEBUG - setting property text
2024-03-27 22:45:50,093 - PyQt6.uic.uiparser - DEBUG - push QLabel UniversityLabel_7
2024-03-27 22:45:50,093 - PyQt6.uic.uiparser - DEBUG - pop widget QLabel UniversityLabel_7
2024-03-27 22:45:50,094 - PyQt6.uic.uiparser - DEBUG - new topwidget <PyQt6.QtWidgets.QWidget object at 0x000002046B5A65D0>
2024-03-27 22:45:50,094 - PyQt6.uic.properties - DEBUG - setting property geometry
2024-03-27 22:45:50,094 - PyQt6.uic.properties - DEBUG - setting property styleSheet
2024-03-27 22:45:50,095 - PyQt6.uic.uiparser - DEBUG - push QComboBox languageSetting
2024-03-27 22:45:50,096 - PyQt6.uic.uiparser - DEBUG - pop widget QComboBox languageSetting
2024-03-27 22:45:50,096 - PyQt6.uic.uiparser - DEBUG - new topwidget <PyQt6.QtWidgets.QWidget object at 0x000002046B5A65D0>
2024-03-27 22:45:50,096 - PyQt6.uic.properties - DEBUG - setting property geometry
2024-03-27 22:45:50,096 - PyQt6.uic.properties - DEBUG - setting property styleSheet
2024-03-27 22:45:50,096 - PyQt6.uic.properties - DEBUG - setting property text
2024-03-27 22:45:50,096 - PyQt6.uic.uiparser - DEBUG - push QLabel UniversityLabel_8
2024-03-27 22:45:50,097 - PyQt6.uic.uiparser - DEBUG - pop widget QLabel UniversityLabel_8
2024-03-27 22:45:50,097 - PyQt6.uic.uiparser - DEBUG - new topwidget <PyQt6.QtWidgets.QWidget object at 0x000002046B5A65D0>
2024-03-27 22:45:50,097 - PyQt6.uic.properties - DEBUG - setting property geometry
2024-03-27 22:45:50,097 - PyQt6.uic.properties - DEBUG - setting property styleSheet
2024-03-27 22:45:50,097 - PyQt6.uic.properties - DEBUG - setting property text
2024-03-27 22:45:50,098 - PyQt6.uic.uiparser - DEBUG - push QPushButton saveSettings
2024-03-27 22:45:50,098 - PyQt6.uic.uiparser - DEBUG - pop widget QPushButton saveSettings
2024-03-27 22:45:50,098 - PyQt6.uic.uiparser - DEBUG - new topwidget <PyQt6.QtWidgets.QWidget object at 0x000002046B5A65D0>
2024-03-27 22:45:50,098 - PyQt6.uic.properties - DEBUG - setting property geometry
2024-03-27 22:45:50,098 - PyQt6.uic.properties - DEBUG - setting property styleSheet
2024-03-27 22:45:50,098 - PyQt6.uic.properties - DEBUG - setting property text
2024-03-27 22:45:50,099 - PyQt6.uic.uiparser - DEBUG - push QPushButton helpButton
2024-03-27 22:45:50,099 - PyQt6.uic.uiparser - DEBUG - pop widget QPushButton helpButton
2024-03-27 22:45:50,099 - PyQt6.uic.uiparser - DEBUG - new topwidget <PyQt6.QtWidgets.QWidget object at 0x000002046B5A65D0>
2024-03-27 22:45:50,099 - PyQt6.uic.properties - DEBUG - setting property geometry
2024-03-27 22:45:50,100 - PyQt6.uic.properties - DEBUG - setting property styleSheet
2024-03-27 22:45:50,100 - PyQt6.uic.uiparser - DEBUG - push QTextEdit crknURL
2024-03-27 22:45:50,100 - PyQt6.uic.uiparser - DEBUG - pop widget QTextEdit crknURL
2024-03-27 22:45:50,101 - PyQt6.uic.uiparser - DEBUG - new topwidget <PyQt6.QtWidgets.QWidget object at 0x000002046B5A65D0>
2024-03-27 22:45:50,101 - PyQt6.uic.properties - DEBUG - setting property geometry
2024-03-27 22:45:50,101 - PyQt6.uic.properties - DEBUG - setting property styleSheet
2024-03-27 22:45:50,101 - PyQt6.uic.properties - DEBUG - setting property text
2024-03-27 22:45:50,101 - PyQt6.uic.uiparser - DEBUG - push QPushButton manageDatabase
2024-03-27 22:45:50,102 - PyQt6.uic.uiparser - DEBUG - pop widget QPushButton manageDatabase
2024-03-27 22:45:50,103 - PyQt6.uic.uiparser - DEBUG - new topwidget <PyQt6.QtWidgets.QWidget object at 0x000002046B5A65D0>
2024-03-27 22:45:50,103 - PyQt6.uic.properties - DEBUG - setting property geometry
2024-03-27 22:45:50,104 - PyQt6.uic.properties - DEBUG - setting property styleSheet
2024-03-27 22:45:50,104 - PyQt6.uic.uiparser - DEBUG - push QTextEdit addinstitution
2024-03-27 22:45:50,105 - PyQt6.uic.uiparser - DEBUG - pop widget QTextEdit addinstitution
2024-03-27 22:45:50,105 - PyQt6.uic.uiparser - DEBUG - new topwidget <PyQt6.QtWidgets.QWidget object at 0x000002046B5A65D0>
2024-03-27 22:45:50,105 - PyQt6.uic.uiparser - DEBUG - pop widget QWidget widget
2024-03-27 22:45:50,105 - PyQt6.uic.uiparser - DEBUG - new topwidget <src.user_interface.settingsPage.settingsPage object at 0x000002046B5A5770>
2024-03-27 22:45:50,105 - PyQt6.uic.uiparser - DEBUG - pop widget settingsPage Dialog
2024-03-27 22:45:50,105 - PyQt6.uic.uiparser - DEBUG - new topwidget None
2024-03-27 22:46:14,868 - root - INFO - Application started
2024-03-27 22:46:14,897 - PyQt6.uic.uiparser - DEBUG - toplevel widget is startScreen
2024-03-27 22:46:14,897 - PyQt6.uic.properties - DEBUG - setting property geometry
2024-03-27 22:46:14,897 - PyQt6.uic.properties - DEBUG - setting property windowTitle
2024-03-27 22:46:14,897 - PyQt6.uic.uiparser - DEBUG - push startScreen Dialog
2024-03-27 22:46:14,898 - PyQt6.uic.properties - DEBUG - setting property geometry
2024-03-27 22:46:14,898 - PyQt6.uic.properties - DEBUG - setting property styleSheet
2024-03-27 22:46:14,898 - PyQt6.uic.uiparser - DEBUG - push QWidget widget
2024-03-27 22:46:14,898 - PyQt6.uic.properties - DEBUG - setting property geometry
2024-03-27 22:46:14,899 - PyQt6.uic.properties - DEBUG - setting property styleSheet
2024-03-27 22:46:14,899 - PyQt6.uic.uiparser - DEBUG - push QWidget widget_2
2024-03-27 22:46:14,899 - PyQt6.uic.properties - DEBUG - setting property geometry
2024-03-27 22:46:14,899 - PyQt6.uic.properties - DEBUG - setting property styleSheet
2024-03-27 22:46:14,900 - PyQt6.uic.properties - DEBUG - setting property text
2024-03-27 22:46:14,900 - PyQt6.uic.uiparser - DEBUG - push QLabel label
2024-03-27 22:46:14,900 - PyQt6.uic.uiparser - DEBUG - pop widget QLabel label
2024-03-27 22:46:14,900 - PyQt6.uic.uiparser - DEBUG - new topwidget <PyQt6.QtWidgets.QWidget object at 0x000001EF472D3390>
2024-03-27 22:46:14,900 - PyQt6.uic.properties - DEBUG - setting property geometry
2024-03-27 22:46:14,901 - PyQt6.uic.properties - DEBUG - setting property styleSheet
2024-03-27 22:46:14,901 - PyQt6.uic.properties - DEBUG - setting property text
2024-03-27 22:46:14,901 - PyQt6.uic.uiparser - DEBUG - push QPushButton settingButton1
2024-03-27 22:46:14,901 - PyQt6.uic.uiparser - DEBUG - pop widget QPushButton settingButton1
2024-03-27 22:46:14,901 - PyQt6.uic.uiparser - DEBUG - new topwidget <PyQt6.QtWidgets.QWidget object at 0x000001EF472D3390>
2024-03-27 22:46:14,902 - PyQt6.uic.uiparser - DEBUG - pop widget QWidget widget_2
2024-03-27 22:46:14,902 - PyQt6.uic.uiparser - DEBUG - new topwidget <PyQt6.QtWidgets.QWidget object at 0x000001EF472D2710>
2024-03-27 22:46:14,908 - PyQt6.uic.properties - DEBUG - setting property geometry
2024-03-27 22:46:14,909 - PyQt6.uic.properties - DEBUG - setting property styleSheet
2024-03-27 22:46:14,909 - PyQt6.uic.uiparser - DEBUG - push QLineEdit textEdit
2024-03-27 22:46:14,909 - PyQt6.uic.uiparser - DEBUG - pop widget QLineEdit textEdit
2024-03-27 22:46:14,909 - PyQt6.uic.uiparser - DEBUG - new topwidget <PyQt6.QtWidgets.QWidget object at 0x000001EF472D2710>
2024-03-27 22:46:14,909 - PyQt6.uic.properties - DEBUG - setting property geometry
2024-03-27 22:46:14,910 - PyQt6.uic.properties - DEBUG - setting property styleSheet
2024-03-27 22:46:14,910 - PyQt6.uic.properties - DEBUG - setting property text
2024-03-27 22:46:14,910 - PyQt6.uic.uiparser - DEBUG - push QPushButton search
2024-03-27 22:46:14,910 - PyQt6.uic.uiparser - DEBUG - pop widget QPushButton search
2024-03-27 22:46:14,911 - PyQt6.uic.uiparser - DEBUG - new topwidget <PyQt6.QtWidgets.QWidget object at 0x000001EF472D2710>
2024-03-27 22:46:14,911 - PyQt6.uic.properties - DEBUG - setting property geometry
2024-03-27 22:46:14,911 - PyQt6.uic.properties - DEBUG - setting property styleSheet
2024-03-27 22:46:14,911 - PyQt6.uic.properties - DEBUG - setting property text
2024-03-27 22:46:14,911 - PyQt6.uic.uiparser - DEBUG - push QPushButton clearButton
2024-03-27 22:46:14,912 - PyQt6.uic.uiparser - DEBUG - pop widget QPushButton clearButton
2024-03-27 22:46:14,912 - PyQt6.uic.uiparser - DEBUG - new topwidget <PyQt6.QtWidgets.QWidget object at 0x000001EF472D2710>
2024-03-27 22:46:14,912 - PyQt6.uic.properties - DEBUG - setting property geometry
2024-03-27 22:46:14,912 - PyQt6.uic.properties - DEBUG - setting property styleSheet
2024-03-27 22:46:14,912 - PyQt6.uic.properties - DEBUG - setting property text
2024-03-27 22:46:14,912 - PyQt6.uic.uiparser - DEBUG - push QPushButton pushButton
2024-03-27 22:46:14,913 - PyQt6.uic.uiparser - DEBUG - pop widget QPushButton pushButton
2024-03-27 22:46:14,913 - PyQt6.uic.uiparser - DEBUG - new topwidget <PyQt6.QtWidgets.QWidget object at 0x000001EF472D2710>
2024-03-27 22:46:14,913 - PyQt6.uic.properties - DEBUG - setting property geometry
2024-03-27 22:46:14,913 - PyQt6.uic.properties - DEBUG - setting property styleSheet
2024-03-27 22:46:14,913 - PyQt6.uic.properties - DEBUG - setting property text
2024-03-27 22:46:14,913 - PyQt6.uic.uiparser - DEBUG - push QPushButton removeButton
2024-03-27 22:46:14,914 - PyQt6.uic.uiparser - DEBUG - pop widget QPushButton removeButton
2024-03-27 22:46:14,914 - PyQt6.uic.uiparser - DEBUG - new topwidget <PyQt6.QtWidgets.QWidget object at 0x000001EF472D2710>
2024-03-27 22:46:14,915 - PyQt6.uic.properties - DEBUG - setting property geometry
2024-03-27 22:46:14,915 - PyQt6.uic.properties - DEBUG - setting property styleSheet
2024-03-27 22:46:14,915 - PyQt6.uic.uiparser - DEBUG - push QComboBox booleanBox
2024-03-27 22:46:14,916 - PyQt6.uic.uiparser - DEBUG - pop widget QComboBox booleanBox
2024-03-27 22:46:14,916 - PyQt6.uic.uiparser - DEBUG - new topwidget <PyQt6.QtWidgets.QWidget object at 0x000001EF472D2710>
2024-03-27 22:46:14,917 - PyQt6.uic.properties - DEBUG - setting property geometry
2024-03-27 22:46:14,917 - PyQt6.uic.properties - DEBUG - setting property styleSheet
2024-03-27 22:46:14,917 - PyQt6.uic.uiparser - DEBUG - push QComboBox booleanBoxRight
2024-03-27 22:46:14,918 - PyQt6.uic.uiparser - DEBUG - pop widget QComboBox booleanBoxRight
2024-03-27 22:46:14,918 - PyQt6.uic.uiparser - DEBUG - new topwidget <PyQt6.QtWidgets.QWidget object at 0x000001EF472D2710>
2024-03-27 22:46:14,918 - PyQt6.uic.properties - DEBUG - setting property geometry
2024-03-27 22:46:14,919 - PyQt6.uic.properties - DEBUG - setting property styleSheet
2024-03-27 22:46:14,919 - PyQt6.uic.properties - DEBUG - setting property text
2024-03-27 22:46:14,919 - PyQt6.uic.uiparser - DEBUG - push QLabel institutionName
2024-03-27 22:46:14,919 - PyQt6.uic.uiparser - DEBUG - pop widget QLabel institutionName
2024-03-27 22:46:14,919 - PyQt6.uic.uiparser - DEBUG - new topwidget <PyQt6.QtWidgets.QWidget object at 0x000001EF472D2710>
2024-03-27 22:46:14,920 - PyQt6.uic.properties - DEBUG - setting property geometry
2024-03-27 22:46:14,920 - PyQt6.uic.properties - DEBUG - setting property text
2024-03-27 22:46:14,920 - PyQt6.uic.uiparser - DEBUG - push QLabel internetConnection
2024-03-27 22:46:14,920 - PyQt6.uic.uiparser - DEBUG - pop widget QLabel internetConnection
2024-03-27 22:46:14,920 - PyQt6.uic.uiparser - DEBUG - new topwidget <PyQt6.QtWidgets.QWidget object at 0x000001EF472D2710>
2024-03-27 22:46:14,920 - PyQt6.uic.uiparser - DEBUG - pop widget QWidget widget
2024-03-27 22:46:14,920 - PyQt6.uic.uiparser - DEBUG - new topwidget <src.user_interface.startScreen.startScreen object at 0x000001EF472D2490>
2024-03-27 22:46:14,921 - PyQt6.uic.uiparser - DEBUG - pop widget startScreen Dialog
2024-03-27 22:46:14,921 - PyQt6.uic.uiparser - DEBUG - new topwidget None
2024-03-27 22:46:15,281 - root - INFO - Opening connection to the database.
2024-03-27 22:46:15,282 - root - INFO - Closing connection to the database.
